{
  "MiniTest": {
    "coverage": {
      "C:/Users/Zachary/Documents/Pitt/Spring 2019/CS1632 - Software Quality Assurance/Deliverables/D2/game.rb": [
        1,
        1,
        null,
        null,
        1,
        1,
        null,
        1,
        5,
        5,
        5,
        5,
        5,
        5,
        null,
        null,
        null,
        null,
        null,
        null,
        null,
        null,
        5,
        5,
        5,
        5,
        null,
        null,
        null,
        1,
        6,
        6,
        6,
        6,
        6,
        6,
        6,
        6,
        6,
        6,
        6,
        6,
        6,
        6,
        6,
        6,
        6,
        6,
        null,
        null,
        1,
        5,
        4,
        null,
        5,
        null,
        null,
        1,
        0,
        0,
        0,
        0,
        0,
        null,
        null,
        0,
        null,
        0,
        0,
        null,
        0,
        null,
        null,
        null,
        1,
        10,
        1,
        1,
        null,
        null,
        null,
        9,
        3,
        1,
        2,
        1,
        null,
        1,
        null,
        6,
        3,
        1,
        2,
        1,
        null,
        1,
        null,
        3,
        1,
        2,
        1,
        null,
        1,
        null,
        null,
        null
      ],
      "C:/Users/Zachary/Documents/Pitt/Spring 2019/CS1632 - Software Quality Assurance/Deliverables/D2/ruby_mine.rb": [
        null,
        1,
        1,
        null,
        1,
        39,
        39,
        39,
        39,
        39,
        null,
        null,
        1,
        110,
        110,
        null,
        null
      ],
      "C:/Users/Zachary/Documents/Pitt/Spring 2019/CS1632 - Software Quality Assurance/Deliverables/D2/prospector.rb": [
        1,
        null,
        null,
        1,
        1,
        null,
        1,
        121,
        121,
        121,
        121,
        121,
        121,
        null,
        null,
        1,
        null,
        110,
        110,
        110,
        110,
        null,
        110,
        null,
        null,
        null,
        null,
        1,
        11,
        null,
        11,
        null,
        4,
        null,
        4,
        1,
        1,
        null,
        3,
        null,
        null,
        null,
        1,
        0,
        null,
        0,
        0,
        0,
        0,
        null,
        0,
        null,
        null,
        null,
        1,
        16,
        8,
        null,
        8,
        null,
        null,
        16,
        12,
        null,
        4,
        null,
        null,
        16,
        8,
        null,
        8,
        null,
        null,
        16,
        4,
        12,
        8,
        null,
        4,
        null,
        null,
        null
      ]
    },
    "timestamp": 1551894530
  },
  "RSpec": {
    "coverage": {
      "C:/Users/Zachary/Documents/Pitt/Spring 2019/CS1632 - Software Quality Assurance/Deliverables/D2/prospector.rb": [
        1,
        null,
        null,
        1,
        1,
        null,
        1,
        112,
        112,
        112,
        112,
        112,
        112,
        null,
        null,
        1,
        110,
        110,
        110,
        110,
        110,
        null,
        null,
        null,
        null,
        1,
        11,
        11,
        null,
        4,
        4,
        1,
        1,
        null,
        3,
        null,
        null,
        null,
        null,
        1,
        0,
        0,
        0,
        0,
        0,
        0,
        null,
        null,
        null,
        1,
        16,
        8,
        null,
        8,
        null,
        null,
        16,
        12,
        null,
        4,
        null,
        null,
        16,
        16,
        null,
        0,
        null,
        null,
        16,
        4,
        12,
        8,
        null,
        4,
        null,
        null,
        null
      ],
      "C:/Users/Zachary/Documents/Pitt/Spring 2019/CS1632 - Software Quality Assurance/Deliverables/D2/ruby_mine.rb": [
        null,
        1,
        1,
        null,
        1,
        0,
        0,
        0,
        0,
        0,
        null,
        null,
        1,
        0,
        0,
        null,
        null
      ]
    },
    "timestamp": 1551884538
  }
}
